-------------------------------------------------------------------------------
Test set: com.chelleramos.web.SecuringWebApplicationTests
-------------------------------------------------------------------------------
Tests run: 5, Failures: 1, Errors: 0, Skipped: 0, Time elapsed: 6.034 s <<< FAILURE! - in com.chelleramos.web.SecuringWebApplicationTests
loginWithValidUserThenAuthenticated  Time elapsed: 0.367 s  <<< FAILURE!
java.lang.AssertionError: Authentication should not be null
	at com.chelleramos.web.SecuringWebApplicationTests.loginWithValidUserThenAuthenticated(SecuringWebApplicationTests.java:32)

